<?xml version="1.0" encoding="UTF-8"?>
<testsuite name="Build Integration" tests="3" skipped="0" failures="0" errors="0" timestamp="2025-06-14T23:04:04" hostname="Jim-Barrows-Macbook-Pro.local" time="0.002">
  <properties/>
  <testcase name="Should configure quality tools to fail on violations" classname="com.erpmicroservices.productdomain.quality.QualityConfigurationTest$BuildIntegrationTest" time="0.0"/>
  <testcase name="Should generate HTML reports for all quality tools" classname="com.erpmicroservices.productdomain.quality.QualityConfigurationTest$BuildIntegrationTest" time="0.0"/>
  <testcase name="Should have quality plugins configured in build.gradle" classname="com.erpmicroservices.productdomain.quality.QualityConfigurationTest$BuildIntegrationTest" time="0.0"/>
  <system-out><![CDATA[]]></system-out>
  <system-err><![CDATA[]]></system-err>
</testsuite>
