<?xml version="1.0" encoding="UTF-8"?>
<testsuite name="Dependency Management" tests="3" skipped="0" failures="0" errors="0" timestamp="2025-06-14T23:04:04" hostname="Jim-Barrows-Macbook-Pro.local" time="0.002">
  <properties/>
  <testcase name="Should configure Spring Boot plugin" classname="com.erpmicroservices.productdomain.gradle.BuildConfigurationTest$DependencyManagementTest" time="0.0"/>
  <testcase name="Should configure Spring dependency management" classname="com.erpmicroservices.productdomain.gradle.BuildConfigurationTest$DependencyManagementTest" time="0.0"/>
  <testcase name="Should configure repository for all projects" classname="com.erpmicroservices.productdomain.gradle.BuildConfigurationTest$DependencyManagementTest" time="0.001"/>
  <system-out><![CDATA[]]></system-out>
  <system-err><![CDATA[]]></system-err>
</testsuite>
