<?xml version="1.0" encoding="UTF-8"?>
<testsuite name="Quality Gate Tasks" tests="3" skipped="0" failures="0" errors="0" timestamp="2025-06-14T23:04:04" hostname="Jim-Barrows-Macbook-Pro.local" time="0.002">
  <properties/>
  <testcase name="Should link quality checks to test task" classname="com.erpmicroservices.productdomain.quality.QualityConfigurationTest$QualityGateTasksTest" time="0.001"/>
  <testcase name="Should have checkAll task for running all quality checks" classname="com.erpmicroservices.productdomain.quality.QualityConfigurationTest$QualityGateTasksTest" time="0.0"/>
  <testcase name="Should configure proper task dependencies" classname="com.erpmicroservices.productdomain.quality.QualityConfigurationTest$QualityGateTasksTest" time="0.0"/>
  <system-out><![CDATA[]]></system-out>
  <system-err><![CDATA[]]></system-err>
</testsuite>
