<?xml version="1.0" encoding="UTF-8"?>
<testsuite name="API Dockerfile Configuration" tests="7" skipped="0" failures="0" errors="0" timestamp="2025-06-15T17:09:55" hostname="Jim-Barrows-Macbook-Pro.local" time="0.008">
  <properties/>
  <testcase name="Should optimize for layer caching" classname="com.erpmicroservices.productdomain.docker.DockerConfigurationTest$APIDockerfileTest" time="0.0"/>
  <testcase name="Should have health check" classname="com.erpmicroservices.productdomain.docker.DockerConfigurationTest$APIDockerfileTest" time="0.0"/>
  <testcase name="Should exist in API module" classname="com.erpmicroservices.productdomain.docker.DockerConfigurationTest$APIDockerfileTest" time="0.0"/>
  <testcase name="Should run as non-root user" classname="com.erpmicroservices.productdomain.docker.DockerConfigurationTest$APIDockerfileTest" time="0.0"/>
  <testcase name="Should use multi-stage build" classname="com.erpmicroservices.productdomain.docker.DockerConfigurationTest$APIDockerfileTest" time="0.002"/>
  <testcase name="Should use appropriate base images" classname="com.erpmicroservices.productdomain.docker.DockerConfigurationTest$APIDockerfileTest" time="0.001"/>
  <testcase name="Should expose correct port" classname="com.erpmicroservices.productdomain.docker.DockerConfigurationTest$APIDockerfileTest" time="0.001"/>
  <system-out><![CDATA[]]></system-out>
  <system-err><![CDATA[]]></system-err>
</testsuite>
