<?xml version="1.0" encoding="UTF-8"?>
<testsuite name="Docker Compose Development Configuration" tests="7" skipped="0" failures="0" errors="0" timestamp="2025-06-15T17:09:55" hostname="Jim-Barrows-Macbook-Pro.local" time="0.029">
  <properties/>
  <testcase name="Should have health checks for all services" classname="com.erpmicroservices.productdomain.docker.DockerConfigurationTest$DockerComposeDevTest" time="0.004"/>
  <testcase name="Should configure PostgreSQL correctly" classname="com.erpmicroservices.productdomain.docker.DockerConfigurationTest$DockerComposeDevTest" time="0.004"/>
  <testcase name="Should exist in project root" classname="com.erpmicroservices.productdomain.docker.DockerConfigurationTest$DockerComposeDevTest" time="0.003"/>
  <testcase name="Should configure networks properly" classname="com.erpmicroservices.productdomain.docker.DockerConfigurationTest$DockerComposeDevTest" time="0.003"/>
  <testcase name="Should configure volumes for development" classname="com.erpmicroservices.productdomain.docker.DockerConfigurationTest$DockerComposeDevTest" time="0.002"/>
  <testcase name="Should define all required services" classname="com.erpmicroservices.productdomain.docker.DockerConfigurationTest$DockerComposeDevTest" time="0.003"/>
  <testcase name="Should configure Redis correctly" classname="com.erpmicroservices.productdomain.docker.DockerConfigurationTest$DockerComposeDevTest" time="0.007"/>
  <system-out><![CDATA[]]></system-out>
  <system-err><![CDATA[]]></system-err>
</testsuite>
