<?xml version="1.0" encoding="UTF-8"?>
<testsuite name="Pre-commit Hooks" tests="2" skipped="0" failures="0" errors="0" timestamp="2025-06-14T23:04:04" hostname="Jim-Barrows-Macbook-Pro.local" time="0.001">
  <properties/>
  <testcase name="Should have Git hooks directory" classname="com.erpmicroservices.productdomain.quality.QualityConfigurationTest$PreCommitHooksTest" time="0.0"/>
  <testcase name="Should have hook configuration files" classname="com.erpmicroservices.productdomain.quality.QualityConfigurationTest$PreCommitHooksTest" time="0.0"/>
  <system-out><![CDATA[]]></system-out>
  <system-err><![CDATA[]]></system-err>
</testsuite>
