<?xml version="1.0" encoding="UTF-8"?>
<testsuite name="ESLint Configuration" tests="3" skipped="0" failures="0" errors="0" timestamp="2025-06-14T23:04:04" hostname="Jim-Barrows-Macbook-Pro.local" time="0.002">
  <properties/>
  <testcase name="Should have Prettier configuration" classname="com.erpmicroservices.productdomain.quality.QualityConfigurationTest$ESLintConfigurationTest" time="0.001"/>
  <testcase name="Should have ESLint configuration for UI components" classname="com.erpmicroservices.productdomain.quality.QualityConfigurationTest$ESLintConfigurationTest" time="0.0"/>
  <testcase name="Should configure React and TypeScript ESLint rules" classname="com.erpmicroservices.productdomain.quality.QualityConfigurationTest$ESLintConfigurationTest" time="0.001"/>
  <system-out><![CDATA[]]></system-out>
  <system-err><![CDATA[]]></system-err>
</testsuite>
