<?xml version="1.0" encoding="UTF-8"?>
<testsuite name="UI Dockerfile Configuration" tests="5" skipped="0" failures="0" errors="0" timestamp="2025-06-15T17:09:55" hostname="Jim-Barrows-Macbook-Pro.local" time="0.004">
  <properties/>
  <testcase name="Should use Node for building" classname="com.erpmicroservices.productdomain.docker.DockerConfigurationTest$UIDockerfileTest" time="0.001"/>
  <testcase name="Should copy built files to nginx" classname="com.erpmicroservices.productdomain.docker.DockerConfigurationTest$UIDockerfileTest" time="0.001"/>
  <testcase name="Should exist in UI module" classname="com.erpmicroservices.productdomain.docker.DockerConfigurationTest$UIDockerfileTest" time="0.0"/>
  <testcase name="Should include nginx configuration" classname="com.erpmicroservices.productdomain.docker.DockerConfigurationTest$UIDockerfileTest" time="0.0"/>
  <testcase name="Should use nginx for serving" classname="com.erpmicroservices.productdomain.docker.DockerConfigurationTest$UIDockerfileTest" time="0.0"/>
  <system-out><![CDATA[]]></system-out>
  <system-err><![CDATA[]]></system-err>
</testsuite>
