<?xml version="1.0" encoding="UTF-8"?>
<testsuite name="JaCoCo Coverage Configuration" tests="3" skipped="0" failures="0" errors="0" timestamp="2025-06-14T23:04:04" hostname="Jim-Barrows-Macbook-Pro.local" time="0.001">
  <properties/>
  <testcase name="Should configure coverage report aggregation" classname="com.erpmicroservices.productdomain.quality.QualityConfigurationTest$JaCoCoCoverageConfigurationTest" time="0.0"/>
  <testcase name="Should configure JaCoCo for test coverage" classname="com.erpmicroservices.productdomain.quality.QualityConfigurationTest$JaCoCoCoverageConfigurationTest" time="0.001"/>
  <testcase name="Should generate both XML and HTML coverage reports" classname="com.erpmicroservices.productdomain.quality.QualityConfigurationTest$JaCoCoCoverageConfigurationTest" time="0.0"/>
  <system-out><![CDATA[]]></system-out>
  <system-err><![CDATA[]]></system-err>
</testsuite>
