<?xml version="1.0" encoding="UTF-8"?>
<testsuite name="Docker Compose Production Configuration" tests="5" skipped="0" failures="0" errors="0" timestamp="2025-06-15T17:09:55" hostname="Jim-Barrows-Macbook-Pro.local" time="0.113">
  <properties/>
  <testcase name="Should have restart policies" classname="com.erpmicroservices.productdomain.docker.DockerConfigurationTest$DockerComposeProdTest" time="0.068"/>
  <testcase name="Should exist in project root" classname="com.erpmicroservices.productdomain.docker.DockerConfigurationTest$DockerComposeProdTest" time="0.013"/>
  <testcase name="Should have security configurations" classname="com.erpmicroservices.productdomain.docker.DockerConfigurationTest$DockerComposeProdTest" time="0.011"/>
  <testcase name="Should NOT have source volume mounts" classname="com.erpmicroservices.productdomain.docker.DockerConfigurationTest$DockerComposeProdTest" time="0.014"/>
  <testcase name="Should have resource limits" classname="com.erpmicroservices.productdomain.docker.DockerConfigurationTest$DockerComposeProdTest" time="0.004"/>
  <system-out><![CDATA[]]></system-out>
  <system-err><![CDATA[]]></system-err>
</testsuite>
