<?xml version="1.0" encoding="UTF-8"?>
<testsuite name="Docker Security Configuration" tests="4" skipped="0" failures="0" errors="0" timestamp="2025-06-15T17:09:55" hostname="Jim-Barrows-Macbook-Pro.local" time="0.009">
  <properties/>
  <testcase name="Dockerignore should exclude sensitive files" classname="com.erpmicroservices.productdomain.docker.DockerConfigurationTest$DockerSecurityTest" time="0.001"/>
  <testcase name="Should have .dockerignore file" classname="com.erpmicroservices.productdomain.docker.DockerConfigurationTest$DockerSecurityTest" time="0.0"/>
  <testcase name="Should have environment example file" classname="com.erpmicroservices.productdomain.docker.DockerConfigurationTest$DockerSecurityTest" time="0.001"/>
  <testcase name="Environment example should contain all required variables" classname="com.erpmicroservices.productdomain.docker.DockerConfigurationTest$DockerSecurityTest" time="0.004"/>
  <system-out><![CDATA[]]></system-out>
  <system-err><![CDATA[]]></system-err>
</testsuite>
