<?xml version="1.0" encoding="UTF-8"?>
<testsuite name="Root Project Configuration" tests="5" skipped="0" failures="0" errors="0" timestamp="2025-06-14T23:04:04" hostname="Jim-Barrows-Macbook-Pro.local" time="0.004">
  <properties/>
  <testcase name="Should have valid settings.gradle file" classname="com.erpmicroservices.productdomain.gradle.BuildConfigurationTest$RootProjectConfigurationTest" time="0.0"/>
  <testcase name="Should configure Java 21 compatibility" classname="com.erpmicroservices.productdomain.gradle.BuildConfigurationTest$RootProjectConfigurationTest" time="0.0"/>
  <testcase name="Should have valid root build.gradle file" classname="com.erpmicroservices.productdomain.gradle.BuildConfigurationTest$RootProjectConfigurationTest" time="0.001"/>
  <testcase name="Should configure multi-module structure" classname="com.erpmicroservices.productdomain.gradle.BuildConfigurationTest$RootProjectConfigurationTest" time="0.001"/>
  <testcase name="Should define project group and version" classname="com.erpmicroservices.productdomain.gradle.BuildConfigurationTest$RootProjectConfigurationTest" time="0.001"/>
  <system-out><![CDATA[]]></system-out>
  <system-err><![CDATA[]]></system-err>
</testsuite>
