<?xml version="1.0" encoding="UTF-8"?>
<testsuite name="Build Optimization" tests="3" skipped="0" failures="0" errors="0" timestamp="2025-06-14T23:04:04" hostname="Jim-Barrows-Macbook-Pro.local" time="0.004">
  <properties/>
  <testcase name="Should have gradle.properties for optimization" classname="com.erpmicroservices.productdomain.gradle.BuildConfigurationTest$BuildOptimizationTest" time="0.001"/>
  <testcase name="Should configure build cache if gradle.properties exists" classname="com.erpmicroservices.productdomain.gradle.BuildConfigurationTest$BuildOptimizationTest" time="0.002"/>
  <testcase name="Should configure parallel builds if gradle.properties exists" classname="com.erpmicroservices.productdomain.gradle.BuildConfigurationTest$BuildOptimizationTest" time="0.001"/>
  <system-out><![CDATA[]]></system-out>
  <system-err><![CDATA[]]></system-err>
</testsuite>
